... processing /home/585/bd6544/GC26-combined-solar-wind/data/raw/solar_cf/solar_capacity_factor_van_der_Wiel_era5_hourly_1979_Aus.nc
... processing /home/585/bd6544/GC26-combined-solar-wind/data/raw/wind_cf/wind_capacity_factor_van_der_Wiel_era5_hourly_1979_Aus.nc
... processing /home/585/bd6544/GC26-combined-solar-wind/data/raw/solar_cf/solar_capacity_factor_van_der_Wiel_era5_hourly_1980_Aus.nc
... processing /home/585/bd6544/GC26-combined-solar-wind/data/raw/wind_cf/wind_capacity_factor_van_der_Wiel_era5_hourly_1980_Aus.nc
... processing /home/585/bd6544/GC26-combined-solar-wind/data/raw/solar_cf/solar_capacity_factor_van_der_Wiel_era5_hourly_1981_Aus.nc
... processing /home/585/bd6544/GC26-combined-solar-wind/data/raw/wind_cf/wind_capacity_factor_van_der_Wiel_era5_hourly_1981_Aus.nc
... processing /home/585/bd6544/GC26-combined-solar-wind/data/raw/solar_cf/solar_capacity_factor_van_der_Wiel_era5_hourly_1982_Aus.nc
... processing /home/585/bd6544/GC26-combined-solar-wind/data/raw/wind_cf/wind_capacity_factor_van_der_Wiel_era5_hourly_1982_Aus.nc
... processing /home/585/bd6544/GC26-combined-solar-wind/data/raw/solar_cf/solar_capacity_factor_van_der_Wiel_era5_hourly_1983_Aus.nc
... processing /home/585/bd6544/GC26-combined-solar-wind/data/raw/wind_cf/wind_capacity_factor_van_der_Wiel_era5_hourly_1983_Aus.nc
... processing /home/585/bd6544/GC26-combined-solar-wind/data/raw/solar_cf/solar_capacity_factor_van_der_Wiel_era5_hourly_1984_Aus.nc
... processing /home/585/bd6544/GC26-combined-solar-wind/data/raw/wind_cf/wind_capacity_factor_van_der_Wiel_era5_hourly_1984_Aus.nc
... processing /home/585/bd6544/GC26-combined-solar-wind/data/raw/solar_cf/solar_capacity_factor_van_der_Wiel_era5_hourly_1985_Aus.nc
... processing /home/585/bd6544/GC26-combined-solar-wind/data/raw/wind_cf/wind_capacity_factor_van_der_Wiel_era5_hourly_1985_Aus.nc
... processing /home/585/bd6544/GC26-combined-solar-wind/data/raw/solar_cf/solar_capacity_factor_van_der_Wiel_era5_hourly_1986_Aus.nc
... processing /home/585/bd6544/GC26-combined-solar-wind/data/raw/wind_cf/wind_capacity_factor_van_der_Wiel_era5_hourly_1986_Aus.nc
... processing /home/585/bd6544/GC26-combined-solar-wind/data/raw/solar_cf/solar_capacity_factor_van_der_Wiel_era5_hourly_1987_Aus.nc
... processing /home/585/bd6544/GC26-combined-solar-wind/data/raw/wind_cf/wind_capacity_factor_van_der_Wiel_era5_hourly_1987_Aus.nc
... processing /home/585/bd6544/GC26-combined-solar-wind/data/raw/solar_cf/solar_capacity_factor_van_der_Wiel_era5_hourly_1988_Aus.nc
... processing /home/585/bd6544/GC26-combined-solar-wind/data/raw/wind_cf/wind_capacity_factor_van_der_Wiel_era5_hourly_1988_Aus.nc
... processing /home/585/bd6544/GC26-combined-solar-wind/data/raw/solar_cf/solar_capacity_factor_van_der_Wiel_era5_hourly_1989_Aus.nc
... processing /home/585/bd6544/GC26-combined-solar-wind/data/raw/wind_cf/wind_capacity_factor_van_der_Wiel_era5_hourly_1989_Aus.nc
... processing /home/585/bd6544/GC26-combined-solar-wind/data/raw/solar_cf/solar_capacity_factor_van_der_Wiel_era5_hourly_1990_Aus.nc
... processing /home/585/bd6544/GC26-combined-solar-wind/data/raw/wind_cf/wind_capacity_factor_van_der_Wiel_era5_hourly_1990_Aus.nc
... processing /home/585/bd6544/GC26-combined-solar-wind/data/raw/solar_cf/solar_capacity_factor_van_der_Wiel_era5_hourly_1991_Aus.nc
... processing /home/585/bd6544/GC26-combined-solar-wind/data/raw/wind_cf/wind_capacity_factor_van_der_Wiel_era5_hourly_1991_Aus.nc
... processing /home/585/bd6544/GC26-combined-solar-wind/data/raw/solar_cf/solar_capacity_factor_van_der_Wiel_era5_hourly_1992_Aus.nc
... processing /home/585/bd6544/GC26-combined-solar-wind/data/raw/wind_cf/wind_capacity_factor_van_der_Wiel_era5_hourly_1992_Aus.nc
... processing /home/585/bd6544/GC26-combined-solar-wind/data/raw/solar_cf/solar_capacity_factor_van_der_Wiel_era5_hourly_1993_Aus.nc
... processing /home/585/bd6544/GC26-combined-solar-wind/data/raw/wind_cf/wind_capacity_factor_van_der_Wiel_era5_hourly_1993_Aus.nc
... processing /home/585/bd6544/GC26-combined-solar-wind/data/raw/solar_cf/solar_capacity_factor_van_der_Wiel_era5_hourly_1994_Aus.nc
... processing /home/585/bd6544/GC26-combined-solar-wind/data/raw/wind_cf/wind_capacity_factor_van_der_Wiel_era5_hourly_1994_Aus.nc
... processing /home/585/bd6544/GC26-combined-solar-wind/data/raw/solar_cf/solar_capacity_factor_van_der_Wiel_era5_hourly_1995_Aus.nc
... processing /home/585/bd6544/GC26-combined-solar-wind/data/raw/wind_cf/wind_capacity_factor_van_der_Wiel_era5_hourly_1995_Aus.nc
... processing /home/585/bd6544/GC26-combined-solar-wind/data/raw/solar_cf/solar_capacity_factor_van_der_Wiel_era5_hourly_1996_Aus.nc
... processing /home/585/bd6544/GC26-combined-solar-wind/data/raw/wind_cf/wind_capacity_factor_van_der_Wiel_era5_hourly_1996_Aus.nc
... processing /home/585/bd6544/GC26-combined-solar-wind/data/raw/solar_cf/solar_capacity_factor_van_der_Wiel_era5_hourly_1997_Aus.nc
... processing /home/585/bd6544/GC26-combined-solar-wind/data/raw/wind_cf/wind_capacity_factor_van_der_Wiel_era5_hourly_1997_Aus.nc
... processing /home/585/bd6544/GC26-combined-solar-wind/data/raw/solar_cf/solar_capacity_factor_van_der_Wiel_era5_hourly_1998_Aus.nc
... processing /home/585/bd6544/GC26-combined-solar-wind/data/raw/wind_cf/wind_capacity_factor_van_der_Wiel_era5_hourly_1998_Aus.nc
... processing /home/585/bd6544/GC26-combined-solar-wind/data/raw/solar_cf/solar_capacity_factor_van_der_Wiel_era5_hourly_1999_Aus.nc
... processing /home/585/bd6544/GC26-combined-solar-wind/data/raw/wind_cf/wind_capacity_factor_van_der_Wiel_era5_hourly_1999_Aus.nc
... processing /home/585/bd6544/GC26-combined-solar-wind/data/raw/solar_cf/solar_capacity_factor_van_der_Wiel_era5_hourly_2000_Aus.nc
... processing /home/585/bd6544/GC26-combined-solar-wind/data/raw/wind_cf/wind_capacity_factor_van_der_Wiel_era5_hourly_2000_Aus.nc
... processing /home/585/bd6544/GC26-combined-solar-wind/data/raw/solar_cf/solar_capacity_factor_van_der_Wiel_era5_hourly_2001_Aus.nc
... processing /home/585/bd6544/GC26-combined-solar-wind/data/raw/wind_cf/wind_capacity_factor_van_der_Wiel_era5_hourly_2001_Aus.nc
... processing /home/585/bd6544/GC26-combined-solar-wind/data/raw/solar_cf/solar_capacity_factor_van_der_Wiel_era5_hourly_2002_Aus.nc
... processing /home/585/bd6544/GC26-combined-solar-wind/data/raw/wind_cf/wind_capacity_factor_van_der_Wiel_era5_hourly_2002_Aus.nc
... processing /home/585/bd6544/GC26-combined-solar-wind/data/raw/solar_cf/solar_capacity_factor_van_der_Wiel_era5_hourly_2003_Aus.nc
... processing /home/585/bd6544/GC26-combined-solar-wind/data/raw/wind_cf/wind_capacity_factor_van_der_Wiel_era5_hourly_2003_Aus.nc
... processing /home/585/bd6544/GC26-combined-solar-wind/data/raw/solar_cf/solar_capacity_factor_van_der_Wiel_era5_hourly_2004_Aus.nc
... processing /home/585/bd6544/GC26-combined-solar-wind/data/raw/wind_cf/wind_capacity_factor_van_der_Wiel_era5_hourly_2004_Aus.nc
... processing /home/585/bd6544/GC26-combined-solar-wind/data/raw/solar_cf/solar_capacity_factor_van_der_Wiel_era5_hourly_2005_Aus.nc
... processing /home/585/bd6544/GC26-combined-solar-wind/data/raw/wind_cf/wind_capacity_factor_van_der_Wiel_era5_hourly_2005_Aus.nc
... processing /home/585/bd6544/GC26-combined-solar-wind/data/raw/solar_cf/solar_capacity_factor_van_der_Wiel_era5_hourly_2006_Aus.nc
... processing /home/585/bd6544/GC26-combined-solar-wind/data/raw/wind_cf/wind_capacity_factor_van_der_Wiel_era5_hourly_2006_Aus.nc
... processing /home/585/bd6544/GC26-combined-solar-wind/data/raw/solar_cf/solar_capacity_factor_van_der_Wiel_era5_hourly_2007_Aus.nc
... processing /home/585/bd6544/GC26-combined-solar-wind/data/raw/wind_cf/wind_capacity_factor_van_der_Wiel_era5_hourly_2007_Aus.nc
... processing /home/585/bd6544/GC26-combined-solar-wind/data/raw/solar_cf/solar_capacity_factor_van_der_Wiel_era5_hourly_2008_Aus.nc
... processing /home/585/bd6544/GC26-combined-solar-wind/data/raw/wind_cf/wind_capacity_factor_van_der_Wiel_era5_hourly_2008_Aus.nc
... processing /home/585/bd6544/GC26-combined-solar-wind/data/raw/solar_cf/solar_capacity_factor_van_der_Wiel_era5_hourly_2009_Aus.nc
... processing /home/585/bd6544/GC26-combined-solar-wind/data/raw/wind_cf/wind_capacity_factor_van_der_Wiel_era5_hourly_2009_Aus.nc
... processing /home/585/bd6544/GC26-combined-solar-wind/data/raw/solar_cf/solar_capacity_factor_van_der_Wiel_era5_hourly_2010_Aus.nc
... processing /home/585/bd6544/GC26-combined-solar-wind/data/raw/wind_cf/wind_capacity_factor_van_der_Wiel_era5_hourly_2010_Aus.nc
... processing /home/585/bd6544/GC26-combined-solar-wind/data/raw/solar_cf/solar_capacity_factor_van_der_Wiel_era5_hourly_2011_Aus.nc
... processing /home/585/bd6544/GC26-combined-solar-wind/data/raw/wind_cf/wind_capacity_factor_van_der_Wiel_era5_hourly_2011_Aus.nc
... processing /home/585/bd6544/GC26-combined-solar-wind/data/raw/solar_cf/solar_capacity_factor_van_der_Wiel_era5_hourly_2012_Aus.nc
... processing /home/585/bd6544/GC26-combined-solar-wind/data/raw/wind_cf/wind_capacity_factor_van_der_Wiel_era5_hourly_2012_Aus.nc
... processing /home/585/bd6544/GC26-combined-solar-wind/data/raw/solar_cf/solar_capacity_factor_van_der_Wiel_era5_hourly_2013_Aus.nc
... processing /home/585/bd6544/GC26-combined-solar-wind/data/raw/wind_cf/wind_capacity_factor_van_der_Wiel_era5_hourly_2013_Aus.nc
... processing /home/585/bd6544/GC26-combined-solar-wind/data/raw/solar_cf/solar_capacity_factor_van_der_Wiel_era5_hourly_2014_Aus.nc
... processing /home/585/bd6544/GC26-combined-solar-wind/data/raw/wind_cf/wind_capacity_factor_van_der_Wiel_era5_hourly_2014_Aus.nc
... processing /home/585/bd6544/GC26-combined-solar-wind/data/raw/solar_cf/solar_capacity_factor_van_der_Wiel_era5_hourly_2015_Aus.nc
... processing /home/585/bd6544/GC26-combined-solar-wind/data/raw/wind_cf/wind_capacity_factor_van_der_Wiel_era5_hourly_2015_Aus.nc
... processing /home/585/bd6544/GC26-combined-solar-wind/data/raw/solar_cf/solar_capacity_factor_van_der_Wiel_era5_hourly_2016_Aus.nc
... processing /home/585/bd6544/GC26-combined-solar-wind/data/raw/wind_cf/wind_capacity_factor_van_der_Wiel_era5_hourly_2016_Aus.nc
... processing /home/585/bd6544/GC26-combined-solar-wind/data/raw/solar_cf/solar_capacity_factor_van_der_Wiel_era5_hourly_2017_Aus.nc
... processing /home/585/bd6544/GC26-combined-solar-wind/data/raw/wind_cf/wind_capacity_factor_van_der_Wiel_era5_hourly_2017_Aus.nc
... processing /home/585/bd6544/GC26-combined-solar-wind/data/raw/solar_cf/solar_capacity_factor_van_der_Wiel_era5_hourly_2018_Aus.nc
... processing /home/585/bd6544/GC26-combined-solar-wind/data/raw/wind_cf/wind_capacity_factor_van_der_Wiel_era5_hourly_2018_Aus.nc
... processing /home/585/bd6544/GC26-combined-solar-wind/data/raw/solar_cf/solar_capacity_factor_van_der_Wiel_era5_hourly_2019_Aus.nc
... processing /home/585/bd6544/GC26-combined-solar-wind/data/raw/wind_cf/wind_capacity_factor_van_der_Wiel_era5_hourly_2019_Aus.nc

======================================================================================
                  Resource Usage on 2026-06-19 00:28:32:
   Job Id:             171613778.gadi-pbs
   Project:            nf33
   Exit Status:        0
   Service Units:      1.66
   NCPUs Requested:    1                   CPU Time Used: 00:10:39        
   Memory Requested:   16.0GB                Memory Used: 13.17GB         
   Walltime Requested: 03:00:00            Walltime Used: 00:12:26        
   JobFS Requested:    1.0GB                  JobFS Used: 0B              
======================================================================================
