... processing ../data/raw/solar_cf/solar_capacity_factor_van_der_Wiel_era5_hourly_1940_Aus.nc
... processing ../data/raw/solar_cf/solar_capacity_factor_van_der_Wiel_era5_hourly_1941_Aus.nc
... processing ../data/raw/solar_cf/solar_capacity_factor_van_der_Wiel_era5_hourly_1942_Aus.nc
... processing ../data/raw/solar_cf/solar_capacity_factor_van_der_Wiel_era5_hourly_1943_Aus.nc
... processing ../data/raw/solar_cf/solar_capacity_factor_van_der_Wiel_era5_hourly_1944_Aus.nc
... processing ../data/raw/solar_cf/solar_capacity_factor_van_der_Wiel_era5_hourly_1945_Aus.nc
... processing ../data/raw/solar_cf/solar_capacity_factor_van_der_Wiel_era5_hourly_1946_Aus.nc
... processing ../data/raw/solar_cf/solar_capacity_factor_van_der_Wiel_era5_hourly_1947_Aus.nc
... processing ../data/raw/solar_cf/solar_capacity_factor_van_der_Wiel_era5_hourly_1948_Aus.nc
... processing ../data/raw/solar_cf/solar_capacity_factor_van_der_Wiel_era5_hourly_1949_Aus.nc
... processing ../data/raw/solar_cf/solar_capacity_factor_van_der_Wiel_era5_hourly_1950_Aus.nc
... processing ../data/raw/solar_cf/solar_capacity_factor_van_der_Wiel_era5_hourly_1951_Aus.nc
... processing ../data/raw/solar_cf/solar_capacity_factor_van_der_Wiel_era5_hourly_1952_Aus.nc
... processing ../data/raw/solar_cf/solar_capacity_factor_van_der_Wiel_era5_hourly_1953_Aus.nc
... processing ../data/raw/solar_cf/solar_capacity_factor_van_der_Wiel_era5_hourly_1954_Aus.nc
... processing ../data/raw/solar_cf/solar_capacity_factor_van_der_Wiel_era5_hourly_1955_Aus.nc
... processing ../data/raw/solar_cf/solar_capacity_factor_van_der_Wiel_era5_hourly_1956_Aus.nc
... processing ../data/raw/solar_cf/solar_capacity_factor_van_der_Wiel_era5_hourly_1957_Aus.nc
... processing ../data/raw/solar_cf/solar_capacity_factor_van_der_Wiel_era5_hourly_1958_Aus.nc
... processing ../data/raw/solar_cf/solar_capacity_factor_van_der_Wiel_era5_hourly_1959_Aus.nc
... processing ../data/raw/solar_cf/solar_capacity_factor_van_der_Wiel_era5_hourly_1960_Aus.nc
... processing ../data/raw/solar_cf/solar_capacity_factor_van_der_Wiel_era5_hourly_1961_Aus.nc
... processing ../data/raw/solar_cf/solar_capacity_factor_van_der_Wiel_era5_hourly_1962_Aus.nc
... processing ../data/raw/solar_cf/solar_capacity_factor_van_der_Wiel_era5_hourly_1963_Aus.nc
... processing ../data/raw/solar_cf/solar_capacity_factor_van_der_Wiel_era5_hourly_1964_Aus.nc
... processing ../data/raw/solar_cf/solar_capacity_factor_van_der_Wiel_era5_hourly_1965_Aus.nc
... processing ../data/raw/solar_cf/solar_capacity_factor_van_der_Wiel_era5_hourly_1966_Aus.nc
... processing ../data/raw/solar_cf/solar_capacity_factor_van_der_Wiel_era5_hourly_1967_Aus.nc
... processing ../data/raw/solar_cf/solar_capacity_factor_van_der_Wiel_era5_hourly_1968_Aus.nc
... processing ../data/raw/solar_cf/solar_capacity_factor_van_der_Wiel_era5_hourly_1969_Aus.nc
... processing ../data/raw/solar_cf/solar_capacity_factor_van_der_Wiel_era5_hourly_1970_Aus.nc
... processing ../data/raw/solar_cf/solar_capacity_factor_van_der_Wiel_era5_hourly_1971_Aus.nc
... processing ../data/raw/solar_cf/solar_capacity_factor_van_der_Wiel_era5_hourly_1972_Aus.nc
... processing ../data/raw/solar_cf/solar_capacity_factor_van_der_Wiel_era5_hourly_1973_Aus.nc
... processing ../data/raw/solar_cf/solar_capacity_factor_van_der_Wiel_era5_hourly_1974_Aus.nc
... processing ../data/raw/solar_cf/solar_capacity_factor_van_der_Wiel_era5_hourly_1975_Aus.nc
... processing ../data/raw/solar_cf/solar_capacity_factor_van_der_Wiel_era5_hourly_1976_Aus.nc
... processing ../data/raw/solar_cf/solar_capacity_factor_van_der_Wiel_era5_hourly_1977_Aus.nc
... processing ../data/raw/solar_cf/solar_capacity_factor_van_der_Wiel_era5_hourly_1978_Aus.nc
... processing ../data/raw/solar_cf/solar_capacity_factor_van_der_Wiel_era5_hourly_1979_Aus.nc
... processing ../data/raw/solar_cf/solar_capacity_factor_van_der_Wiel_era5_hourly_1980_Aus.nc
... processing ../data/raw/solar_cf/solar_capacity_factor_van_der_Wiel_era5_hourly_1981_Aus.nc
... processing ../data/raw/solar_cf/solar_capacity_factor_van_der_Wiel_era5_hourly_1982_Aus.nc
... processing ../data/raw/solar_cf/solar_capacity_factor_van_der_Wiel_era5_hourly_1983_Aus.nc
... processing ../data/raw/solar_cf/solar_capacity_factor_van_der_Wiel_era5_hourly_1984_Aus.nc
... processing ../data/raw/solar_cf/solar_capacity_factor_van_der_Wiel_era5_hourly_1985_Aus.nc
... processing ../data/raw/solar_cf/solar_capacity_factor_van_der_Wiel_era5_hourly_1986_Aus.nc
... processing ../data/raw/solar_cf/solar_capacity_factor_van_der_Wiel_era5_hourly_1987_Aus.nc
... processing ../data/raw/solar_cf/solar_capacity_factor_van_der_Wiel_era5_hourly_1988_Aus.nc
... processing ../data/raw/solar_cf/solar_capacity_factor_van_der_Wiel_era5_hourly_1989_Aus.nc
... processing ../data/raw/solar_cf/solar_capacity_factor_van_der_Wiel_era5_hourly_1990_Aus.nc
... processing ../data/raw/solar_cf/solar_capacity_factor_van_der_Wiel_era5_hourly_1991_Aus.nc
... processing ../data/raw/solar_cf/solar_capacity_factor_van_der_Wiel_era5_hourly_1992_Aus.nc
... processing ../data/raw/solar_cf/solar_capacity_factor_van_der_Wiel_era5_hourly_1993_Aus.nc
... processing ../data/raw/solar_cf/solar_capacity_factor_van_der_Wiel_era5_hourly_1994_Aus.nc
... processing ../data/raw/solar_cf/solar_capacity_factor_van_der_Wiel_era5_hourly_1995_Aus.nc
... processing ../data/raw/solar_cf/solar_capacity_factor_van_der_Wiel_era5_hourly_1996_Aus.nc
... processing ../data/raw/solar_cf/solar_capacity_factor_van_der_Wiel_era5_hourly_1997_Aus.nc
... processing ../data/raw/solar_cf/solar_capacity_factor_van_der_Wiel_era5_hourly_1998_Aus.nc
... processing ../data/raw/solar_cf/solar_capacity_factor_van_der_Wiel_era5_hourly_1999_Aus.nc
... processing ../data/raw/solar_cf/solar_capacity_factor_van_der_Wiel_era5_hourly_2000_Aus.nc
... processing ../data/raw/solar_cf/solar_capacity_factor_van_der_Wiel_era5_hourly_2001_Aus.nc
... processing ../data/raw/solar_cf/solar_capacity_factor_van_der_Wiel_era5_hourly_2002_Aus.nc
... processing ../data/raw/solar_cf/solar_capacity_factor_van_der_Wiel_era5_hourly_2003_Aus.nc
... processing ../data/raw/solar_cf/solar_capacity_factor_van_der_Wiel_era5_hourly_2004_Aus.nc
... processing ../data/raw/solar_cf/solar_capacity_factor_van_der_Wiel_era5_hourly_2005_Aus.nc
... processing ../data/raw/solar_cf/solar_capacity_factor_van_der_Wiel_era5_hourly_2006_Aus.nc
... processing ../data/raw/solar_cf/solar_capacity_factor_van_der_Wiel_era5_hourly_2007_Aus.nc
... processing ../data/raw/solar_cf/solar_capacity_factor_van_der_Wiel_era5_hourly_2008_Aus.nc
... processing ../data/raw/solar_cf/solar_capacity_factor_van_der_Wiel_era5_hourly_2009_Aus.nc
... processing ../data/raw/solar_cf/solar_capacity_factor_van_der_Wiel_era5_hourly_2010_Aus.nc
... processing ../data/raw/solar_cf/solar_capacity_factor_van_der_Wiel_era5_hourly_2011_Aus.nc
... processing ../data/raw/solar_cf/solar_capacity_factor_van_der_Wiel_era5_hourly_2012_Aus.nc
... processing ../data/raw/solar_cf/solar_capacity_factor_van_der_Wiel_era5_hourly_2013_Aus.nc
... processing ../data/raw/solar_cf/solar_capacity_factor_van_der_Wiel_era5_hourly_2014_Aus.nc
... processing ../data/raw/solar_cf/solar_capacity_factor_van_der_Wiel_era5_hourly_2015_Aus.nc
... processing ../data/raw/solar_cf/solar_capacity_factor_van_der_Wiel_era5_hourly_2016_Aus.nc
... processing ../data/raw/solar_cf/solar_capacity_factor_van_der_Wiel_era5_hourly_2017_Aus.nc
... processing ../data/raw/solar_cf/solar_capacity_factor_van_der_Wiel_era5_hourly_2018_Aus.nc
... processing ../data/raw/solar_cf/solar_capacity_factor_van_der_Wiel_era5_hourly_2019_Aus.nc
... processing ../data/raw/solar_cf/solar_capacity_factor_van_der_Wiel_era5_hourly_2020_Aus.nc
... processing ../data/raw/solar_cf/solar_capacity_factor_van_der_Wiel_era5_hourly_2021_Aus.nc
... processing ../data/raw/solar_cf/solar_capacity_factor_van_der_Wiel_era5_hourly_2022_Aus.nc
... processing ../data/raw/solar_cf/solar_capacity_factor_van_der_Wiel_era5_hourly_2023_Aus.nc

======================================================================================
                  Resource Usage on 2026-06-17 12:49:38:
   Job Id:             171418551.gadi-pbs
   Project:            nf33
   Exit Status:        0
   Service Units:      10.01
   NCPUs Requested:    1                   CPU Time Used: 01:11:36        
   Memory Requested:   16.0GB                Memory Used: 8.48GB          
   Walltime Requested: 03:00:00            Walltime Used: 01:15:03        
   JobFS Requested:    1.0GB                  JobFS Used: 0B              
======================================================================================
